<?xml version="1.0" encoding="UTF-8"?>
<testsuite name="org.example.ugg.UggApplicationTests" tests="1" skipped="0" failures="0" errors="0" timestamp="2024-12-27T20:56:36" hostname="DESKTOP-5NABS7R" time="4.333">
  <properties/>
  <testcase name="contextLoads()" classname="org.example.ugg.UggApplicationTests" time="4.333"/>
  <system-out><![CDATA[05:56:16.295 [Test worker] INFO org.springframework.test.context.support.AnnotationConfigContextLoaderUtils -- Could not detect default configuration classes for test class [org.example.ugg.UggApplicationTests]: UggApplicationTests does not declare any static, non-private, non-final, nested classes annotated with @Configuration.
05:56:16.717 [Test worker] INFO org.springframework.boot.test.context.SpringBootTestContextBootstrapper -- Found @SpringBootConfiguration org.example.ugg.UggApplication for test class org.example.ugg.UggApplicationTests

  .   ____          _            __ _ _
 /\\ / ___'_ __ _ _(_)_ __  __ _ \ \ \ \
( ( )\___ | '_ | '_| | '_ \/ _` | \ \ \ \
 \\/  ___)| |_)| | | | | || (_| |  ) ) ) )
  '  |____| .__|_| |_|_| |_\__, | / / / /
 =========|_|==============|___/=/_/_/_/

 :: Spring Boot ::                (v3.4.1)

2024-12-28T05:56:17.987+09:00  INFO 13872 --- [UGG] [    Test worker] org.example.ugg.UggApplicationTests      : Starting UggApplicationTests using Java 17.0.8 with PID 13872 (started by Administrator in C:\Users\Administrator\Desktop\uggthon\UGG)
2024-12-28T05:56:17.989+09:00  INFO 13872 --- [UGG] [    Test worker] org.example.ugg.UggApplicationTests      : No active profile set, falling back to 1 default profile: "default"
2024-12-28T05:56:20.599+09:00  INFO 13872 --- [UGG] [    Test worker] .s.d.r.c.RepositoryConfigurationDelegate : Bootstrapping Spring Data JPA repositories in DEFAULT mode.
2024-12-28T05:56:20.795+09:00  INFO 13872 --- [UGG] [    Test worker] .s.d.r.c.RepositoryConfigurationDelegate : Finished Spring Data repository scanning in 179 ms. Found 3 JPA repository interfaces.
2024-12-28T05:56:22.099+09:00  INFO 13872 --- [UGG] [    Test worker] o.hibernate.jpa.internal.util.LogHelper  : HHH000204: Processing PersistenceUnitInfo [name: default]
2024-12-28T05:56:22.264+09:00  INFO 13872 --- [UGG] [    Test worker] org.hibernate.Version                    : HHH000412: Hibernate ORM core version 6.6.4.Final
2024-12-28T05:56:22.345+09:00  INFO 13872 --- [UGG] [    Test worker] o.h.c.internal.RegionFactoryInitiator    : HHH000026: Second-level cache disabled
2024-12-28T05:56:23.073+09:00  INFO 13872 --- [UGG] [    Test worker] o.s.o.j.p.SpringPersistenceUnitInfo      : No LoadTimeWeaver setup: ignoring JPA class transformer
2024-12-28T05:56:23.199+09:00  INFO 13872 --- [UGG] [    Test worker] com.zaxxer.hikari.HikariDataSource       : HikariPool-1 - Starting...
2024-12-28T05:56:24.446+09:00  INFO 13872 --- [UGG] [    Test worker] com.zaxxer.hikari.pool.HikariPool        : HikariPool-1 - Added connection com.mysql.cj.jdbc.ConnectionImpl@4fc71437
2024-12-28T05:56:24.453+09:00  INFO 13872 --- [UGG] [    Test worker] com.zaxxer.hikari.HikariDataSource       : HikariPool-1 - Start completed.
2024-12-28T05:56:24.691+09:00  INFO 13872 --- [UGG] [    Test worker] org.hibernate.orm.connections.pooling    : HHH10001005: Database info:
	Database JDBC URL [Connecting through datasource 'HikariDataSource (HikariPool-1)']
	Database driver: undefined/unknown
	Database version: 8.0.39
	Autocommit mode: undefined/unknown
	Isolation level: undefined/unknown
	Minimum pool size: undefined/unknown
	Maximum pool size: undefined/unknown
2024-12-28T05:56:27.607+09:00  INFO 13872 --- [UGG] [    Test worker] o.h.e.t.j.p.i.JtaPlatformInitiator       : HHH000489: No JTA platform available (set 'hibernate.transaction.jta.platform' to enable JTA platform integration)
2024-12-28T05:56:27.799+09:00  INFO 13872 --- [UGG] [    Test worker] j.LocalContainerEntityManagerFactoryBean : Initialized JPA EntityManagerFactory for persistence unit 'default'
2024-12-28T05:56:28.486+09:00  INFO 13872 --- [UGG] [    Test worker] o.s.d.j.r.query.QueryEnhancerFactory     : Hibernate is in classpath; If applicable, HQL parser will be used.
2024-12-28T05:56:30.991+09:00  WARN 13872 --- [UGG] [    Test worker] JpaBaseConfiguration$JpaWebConfiguration : spring.jpa.open-in-view is enabled by default. Therefore, database queries may be performed during view rendering. Explicitly configure spring.jpa.open-in-view to disable this warning
2024-12-28T05:56:31.061+09:00  INFO 13872 --- [UGG] [    Test worker] r$InitializeUserDetailsManagerConfigurer : Global AuthenticationManager configured with UserDetailsService bean with name customUserDetailService
2024-12-28T05:56:36.796+09:00  INFO 13872 --- [UGG] [    Test worker] org.example.ugg.UggApplicationTests      : Started UggApplicationTests in 19.528 seconds (process running for 24.506)
]]></system-out>
  <system-err><![CDATA[]]></system-err>
</testsuite>
